This is XeTeX, Version 3.141592653-2.6-0.999993 (TeX Live 2021/W32TeX) (preloaded format=xelatex 2021.11.17)  22 OCT 2022 12:10
entering extended mode
 restricted \write18 enabled.
 %&-line parsing enabled.
**abstract.tex
(./abstract.tex
LaTeX2e <2020-10-01> patch level 4
L3 programming layer <2021-02-18>

! LaTeX Error: Missing \begin{document}.

See the LaTeX manual or LaTeX Companion for explanation.
Type  H <return>  for immediate help.
 ...                                              
                                                  
l.2 \begin{center}
                  
You're in trouble here.  Try typing  <return>  to proceed.
If that doesn't work, type  X <return>  to quit.


Overfull \hbox (20.0pt too wide) in paragraph at lines 2--2
[] 
 []

! Undefined control sequence.
l.3 \zihao
          {-2}\heiti
The control sequence at the end of the top line
of your error message was never \def'ed. If you have
misspelled it (e.g., `\hobx'), type `I' and the correct
spelling (e.g., `I\hbox'). Otherwise just continue,
and I'll forget about whatever was undefined.

Missing character: There is no - ("2D) in font nullfont!
Missing character: There is no 2 ("32) in font nullfont!
! Undefined control sequence.
l.3 \zihao{-2}\heiti
                    
The control sequence at the end of the top line
of your error message was never \def'ed. If you have
misspelled it (e.g., `\hobx'), type `I' and the correct
spelling (e.g., `I\hbox'). Otherwise just continue,
and I'll forget about whatever was undefined.

Missing character: There is no 本 ("672C) in font nullfont!
Missing character: There is no 科 ("79D1) in font nullfont!
Missing character: There is no 毕 ("6BD5) in font nullfont!
Missing character: There is no 业 ("4E1A) in font nullfont!
Missing character: There is no 设 ("8BBE) in font nullfont!
Missing character: There is no 计 ("8BA1) in font nullfont!
Missing character: There is no （ ("FF08) in font nullfont!
Missing character: There is no 论 ("8BBA) in font nullfont!
Missing character: There is no 文 ("6587) in font nullfont!
Missing character: There is no 模 ("6A21) in font nullfont!
Missing character: There is no 板 ("677F) in font nullfont!
Missing character: There is no ） ("FF09) in font nullfont!

Overfull \hbox (20.0pt too wide) in paragraph at lines 7--7
[] 
 []

! Undefined control sequence.
l.8 ^^I\zihao
             {3}\heiti
The control sequence at the end of the top line
of your error message was never \def'ed. If you have
misspelled it (e.g., `\hobx'), type `I' and the correct
spelling (e.g., `I\hbox'). Otherwise just continue,
and I'll forget about whatever was undefined.

Missing character: There is no 3 ("33) in font nullfont!
! Undefined control sequence.
l.8 ^^I\zihao{3}\heiti
                      
The control sequence at the end of the top line
of your error message was never \def'ed. If you have
misspelled it (e.g., `\hobx'), type `I' and the correct
spelling (e.g., `I\hbox'). Otherwise just continue,
and I'll forget about whatever was undefined.

! Undefined control sequence.
l.9 ^^I\phantomsection
                      
The control sequence at the end of the top line
of your error message was never \def'ed. If you have
misspelled it (e.g., `\hobx'), type `I' and the correct
spelling (e.g., `I\hbox'). Otherwise just continue,
and I'll forget about whatever was undefined.

Missing character: There is no 摘 ("6458) in font nullfont!
Missing character: There is no 要 ("8981) in font nullfont!
Missing character: There is no 这 ("8FD9) in font nullfont!
Missing character: There is no 里 ("91CC) in font nullfont!
Missing character: There is no 是 ("662F) in font nullfont!
Missing character: There is no 摘 ("6458) in font nullfont!
Missing character: There is no 要 ("8981) in font nullfont!
Missing character: There is no ， ("FF0C) in font nullfont!
Missing character: There is no 请 ("8BF7) in font nullfont!
Missing character: There is no 好 ("597D) in font nullfont!
Missing character: There is no 好 ("597D) in font nullfont!
Missing character: There is no 写 ("5199) in font nullfont!
Missing character: There is no 。 ("3002) in font nullfont!
Missing character: There is no 本 ("672C) in font nullfont!
Missing character: There is no 文 ("6587) in font nullfont!
Missing character: There is no 的 ("7684) in font nullfont!
Missing character: There is no 参 ("53C2) in font nullfont!
Missing character: There is no 考 ("8003) in font nullfont!
Missing character: There is no 文 ("6587) in font nullfont!
Missing character: There is no 献 ("732E) in font nullfont!
Missing character: There is no 用 ("7528) in font nullfont!
Missing character: There is no 于 ("4E8E) in font nullfont!
Missing character: There is no 举 ("4E3E) in font nullfont!
Missing character: There is no 例 ("4F8B) in font nullfont!
Missing character: There is no 参 ("53C2) in font nullfont!
Missing character: There is no 考 ("8003) in font nullfont!
Missing character: There is no 文 ("6587) in font nullfont!
Missing character: There is no 献 ("732E) in font nullfont!
Missing character: There is no 引 ("5F15) in font nullfont!
Missing character: There is no 用 ("7528) in font nullfont!
Missing character: There is no 方 ("65B9) in font nullfont!
Missing character: There is no 法 ("6CD5) in font nullfont!
Missing character: There is no [ ("5B) in font nullfont!
\citation{IOTB2}
! Undefined control sequence.
<write> ...: Citation `\@citeb ' on page \thepage 
                                                  \space undefined\on@line .^^J
l.14 这里是摘要，请好好写。本文的参考文献用于举例参考文献引用方法\cite{IOTB2}
                                               。本文的附录用于举例附录引用方法如“见附录\ref{mat...
The control sequence at the end of the top line
of your error message was never \def'ed. If you have
misspelled it (e.g., `\hobx'), type `I' and the correct
spelling (e.g., `I\hbox'). Otherwise just continue,
and I'll forget about whatever was undefined.


LaTeX Warning: Citation `IOTB2' on page  undefined on input line 14.

Missing character: There is no ] ("5D) in font nullfont!
Missing character: There is no 。 ("3002) in font nullfont!
Missing character: There is no 本 ("672C) in font nullfont!
Missing character: There is no 文 ("6587) in font nullfont!
Missing character: There is no 的 ("7684) in font nullfont!
Missing character: There is no 附 ("9644) in font nullfont!
Missing character: There is no 录 ("5F55) in font nullfont!
Missing character: There is no 用 ("7528) in font nullfont!
Missing character: There is no 于 ("4E8E) in font nullfont!
Missing character: There is no 举 ("4E3E) in font nullfont!
Missing character: There is no 例 ("4F8B) in font nullfont!
Missing character: There is no 附 ("9644) in font nullfont!
Missing character: There is no 录 ("5F55) in font nullfont!
Missing character: There is no 引 ("5F15) in font nullfont!
Missing character: There is no 用 ("7528) in font nullfont!
Missing character: There is no 方 ("65B9) in font nullfont!
Missing character: There is no 法 ("6CD5) in font nullfont!
Missing character: There is no 如 ("5982) in font nullfont!
Missing character: There is no “ ("201C) in font nullfont!
Missing character: There is no 见 ("89C1) in font nullfont!
Missing character: There is no 附 ("9644) in font nullfont!
Missing character: There is no 录 ("5F55) in font nullfont!
! Undefined control sequence.
<write> ...g: Reference `matlab' on page \thepage 
                                                  \space undefined\on@line .^^J
l.14 ...te{IOTB2}。本文的附录用于举例附录引用方法如“见附录\ref{matlab}
                                                  和附录\ref{python}”。
The control sequence at the end of the top line
of your error message was never \def'ed. If you have
misspelled it (e.g., `\hobx'), type `I' and the correct
spelling (e.g., `I\hbox'). Otherwise just continue,
and I'll forget about whatever was undefined.


LaTeX Warning: Reference `matlab' on page  undefined on input line 14.

Missing character: There is no 和 ("548C) in font nullfont!
Missing character: There is no 附 ("9644) in font nullfont!
Missing character: There is no 录 ("5F55) in font nullfont!
! Undefined control sequence.
<write> ...g: Reference `python' on page \thepage 
                                                  \space undefined\on@line .^^J
l.14 ...用于举例附录引用方法如“见附录\ref{matlab}和附录\ref{python}
                                                  ”。
The control sequence at the end of the top line
of your error message was never \def'ed. If you have
misspelled it (e.g., `\hobx'), type `I' and the correct
spelling (e.g., `I\hbox'). Otherwise just continue,
and I'll forget about whatever was undefined.


LaTeX Warning: Reference `python' on page  undefined on input line 14.

Missing character: There is no ” ("201D) in font nullfont!
Missing character: There is no 。 ("3002) in font nullfont!

Overfull \hbox (47.15pt too wide) in paragraph at lines 14--15
[][][][] 
 []

Missing character: There is no 关 (U+5173) in font [lmroman10-bold]:mapping=tex-
text;!
Missing character: There is no 键 (U+952E) in font [lmroman10-bold]:mapping=tex-
text;!
Missing character: There is no 字 (U+5B57) in font [lmroman10-bold]:mapping=tex-
text;!
Missing character: There is no ： (U+FF1A) in font [lmroman10-bold]:mapping=tex-
text;!
Missing character: There is no 关 ("5173) in font nullfont!
Missing character: There is no 键 ("952E) in font nullfont!
Missing character: There is no 字 ("5B57) in font nullfont!
Missing character: There is no 1 ("31) in font nullfont!
Missing character: There is no 关 ("5173) in font nullfont!
Missing character: There is no 键 ("952E) in font nullfont!
Missing character: There is no 字 ("5B57) in font nullfont!
Missing character: There is no 2 ("32) in font nullfont!
Missing character: There is no 关 ("5173) in font nullfont!
Missing character: There is no 键 ("952E) in font nullfont!
Missing character: There is no 字 ("5B57) in font nullfont!
Missing character: There is no 3 ("33) in font nullfont!

Overfull \hbox (11.2pt too wide) in paragraph at lines 18--19
\TU/lmr/bx/n/10 关键字：
 []


! LaTeX Error: The font size command \normalsize is not defined:
               there is probably something wrong with the class file.

See the LaTeX manual or LaTeX Companion for explanation.
Type  H <return>  for immediate help.
 ...                                              
                                                  
l.20 \newpage
             
Your command was ignored.
Type  I <command> <return>  to replace it with another command,
or  <return>  to continue without it.

[1
! Undefined control sequence.
<write> ...t \contentsline {section}{摘要}{\thepage 
                                                  }{}\protected@file@percent }
l.20 \newpage
             
The control sequence at the end of the top line
of your error message was never \def'ed. If you have
misspelled it (e.g., `\hobx'), type `I' and the correct
spelling (e.g., `I\hbox'). Otherwise just continue,
and I'll forget about whatever was undefined.

\@writefile{toc}{\contentsline {section}{摘要}{}{}\protected@file@percent }
]
Overfull \hbox (20.0pt too wide) in paragraph at lines 22--22
[] 
 []

! Undefined control sequence.
l.23 \zihao
           {-2}\bfseries
The control sequence at the end of the top line
of your error message was never \def'ed. If you have
misspelled it (e.g., `\hobx'), type `I' and the correct
spelling (e.g., `I\hbox'). Otherwise just continue,
and I'll forget about whatever was undefined.

Missing character: There is no - ("2D) in font nullfont!
Missing character: There is no 2 ("32) in font nullfont!

Overfull \hbox (46.8pt too wide) in paragraph at lines 23--25
 \TU/lmr/bx/n/10 Template 
 []


Overfull \hbox (14.0pt too wide) in paragraph at lines 23--25
 \TU/lmr/bx/n/10 for 
 []


Overfull \hbox (16.13pt too wide) in paragraph at lines 23--25
 \TU/lmr/bx/n/10 the 
 []


Overfull \hbox (23.49pt too wide) in paragraph at lines 23--25
 \TU/lmr/bx/n/10 The- 
 []


Overfull \hbox (12.27pt too wide) in paragraph at lines 23--25
 \TU/lmr/bx/n/10 sis 
 []


Overfull \hbox (9.26pt too wide) in paragraph at lines 23--25
 \TU/lmr/bx/n/10 of 
 []


Overfull \hbox (23.8pt too wide) in paragraph at lines 23--25
 \TU/lmr/bx/n/10 Cen- 
 []


Overfull \hbox (17.99pt too wide) in paragraph at lines 23--25
 \TU/lmr/bx/n/10 tral 
 []


Overfull \hbox (29.39pt too wide) in paragraph at lines 23--25
 \TU/lmr/bx/n/10 South 
 []


Overfull \hbox (22.26pt too wide) in paragraph at lines 23--25
 \TU/lmr/bx/n/10 Uni- 
 []


Overfull \hbox (19.59pt too wide) in paragraph at lines 23--25
 \TU/lmr/bx/n/10 ver- 
 []


Overfull \hbox (17.95pt too wide) in paragraph at lines 23--25
 \TU/lmr/bx/n/10 sity 
 []

! Undefined control sequence.
l.27 \phantomsection
                    
The control sequence at the end of the top line
of your error message was never \def'ed. If you have
misspelled it (e.g., `\hobx'), type `I' and the correct
spelling (e.g., `I\hbox'). Otherwise just continue,
and I'll forget about whatever was undefined.


Overfull \hbox (20.0pt too wide) in paragraph at lines 29--29
[] 
 []

! Undefined control sequence.
l.30 \zihao
           {3}\rmfamily\bfseries
The control sequence at the end of the top line
of your error message was never \def'ed. If you have
misspelled it (e.g., `\hobx'), type `I' and the correct
spelling (e.g., `I\hbox'). Otherwise just continue,
and I'll forget about whatever was undefined.

Missing character: There is no 3 ("33) in font nullfont!

Overfull \hbox (64.57pt too wide) in paragraph at lines 30--32
 \TU/lmr/bx/n/10 ABSTRACT 
 []

Missing character: There is no T ("54) in font nullfont!
Missing character: There is no h ("68) in font nullfont!
Missing character: There is no i ("69) in font nullfont!
Missing character: There is no s ("73) in font nullfont!
Missing character: There is no i ("69) in font nullfont!
Missing character: There is no s ("73) in font nullfont!
Missing character: There is no a ("61) in font nullfont!
Missing character: There is no b ("62) in font nullfont!
Missing character: There is no s ("73) in font nullfont!
Missing character: There is no t ("74) in font nullfont!
Missing character: There is no r ("72) in font nullfont!
Missing character: There is no a ("61) in font nullfont!
Missing character: There is no c ("63) in font nullfont!
Missing character: There is no t ("74) in font nullfont!
Missing character: There is no . ("2E) in font nullfont!
Missing character: There is no L ("4C) in font nullfont!
Missing character: There is no i ("69) in font nullfont!
Missing character: There is no t ("74) in font nullfont!
Missing character: There is no e ("65) in font nullfont!
Missing character: There is no r ("72) in font nullfont!
Missing character: There is no a ("61) in font nullfont!
Missing character: There is no t ("74) in font nullfont!
Missing character: There is no u ("75) in font nullfont!
Missing character: There is no r ("72) in font nullfont!
Missing character: There is no e ("65) in font nullfont!
Missing character: There is no a ("61) in font nullfont!
Missing character: There is no r ("72) in font nullfont!
Missing character: There is no e ("65) in font nullfont!
Missing character: There is no f ("66) in font nullfont!
Missing character: There is no o ("6F) in font nullfont!
Missing character: There is no r ("72) in font nullfont!
Missing character: There is no e ("65) in font nullfont!
Missing character: There is no x ("78) in font nullfont!
Missing character: There is no a ("61) in font nullfont!
Missing character: There is no m ("6D) in font nullfont!
Missing character: There is no p ("70) in font nullfont!
Missing character: There is no l ("6C) in font nullfont!
Missing character: There is no e ("65) in font nullfont!
Missing character: There is no [ ("5B) in font nullfont!
\citation{IOTB2}
! Undefined control sequence.
<write> ...: Citation `\@citeb ' on page \thepage 
                                                  \space undefined\on@line .^^J
l.35 ...ct. Literature are for example\cite{IOTB2}
                                                  .The appendix of this arti...
The control sequence at the end of the top line
of your error message was never \def'ed. If you have
misspelled it (e.g., `\hobx'), type `I' and the correct
spelling (e.g., `I\hbox'). Otherwise just continue,
and I'll forget about whatever was undefined.


LaTeX Warning: Citation `IOTB2' on page  undefined on input line 35.

Missing character: There is no ] ("5D) in font nullfont!
Missing character: There is no . ("2E) in font nullfont!
Missing character: There is no T ("54) in font nullfont!
Missing character: There is no h ("68) in font nullfont!
Missing character: There is no e ("65) in font nullfont!
Missing character: There is no a ("61) in font nullfont!
Missing character: There is no p ("70) in font nullfont!
Missing character: There is no p ("70) in font nullfont!
Missing character: There is no e ("65) in font nullfont!
Missing character: There is no n ("6E) in font nullfont!
Missing character: There is no d ("64) in font nullfont!
Missing character: There is no i ("69) in font nullfont!
Missing character: There is no x ("78) in font nullfont!
Missing character: There is no o ("6F) in font nullfont!
Missing character: There is no f ("66) in font nullfont!
Missing character: There is no t ("74) in font nullfont!
Missing character: There is no h ("68) in font nullfont!
Missing character: There is no i ("69) in font nullfont!
Missing character: There is no s ("73) in font nullfont!
Missing character: There is no a ("61) in font nullfont!
Missing character: There is no r ("72) in font nullfont!
Missing character: There is no t ("74) in font nullfont!
Missing character: There is no i ("69) in font nullfont!
Missing character: There is no c ("63) in font nullfont!
Missing character: There is no l ("6C) in font nullfont!
Missing character: There is no e ("65) in font nullfont!
Missing character: There is no i ("69) in font nullfont!
Missing character: There is no s ("73) in font nullfont!
Missing character: There is no u ("75) in font nullfont!
Missing character: There is no s ("73) in font nullfont!
Missing character: There is no e ("65) in font nullfont!
Missing character: There is no d ("64) in font nullfont!
Missing character: There is no f ("66) in font nullfont!
Missing character: There is no o ("6F) in font nullfont!
Missing character: There is no r ("72) in font nullfont!
Missing character: There is no e ("65) in font nullfont!
Missing character: There is no x ("78) in font nullfont!
Missing character: There is no a ("61) in font nullfont!
Missing character: There is no m ("6D) in font nullfont!
Missing character: There is no p ("70) in font nullfont!
Missing character: There is no l ("6C) in font nullfont!
Missing character: There is no e ("65) in font nullfont!
Missing character: There is no , ("2C) in font nullfont!
Missing character: There is no l ("6C) in font nullfont!
Missing character: There is no i ("69) in font nullfont!
Missing character: There is no k ("6B) in font nullfont!
Missing character: There is no e ("65) in font nullfont!
Missing character: There is no t ("74) in font nullfont!
Missing character: There is no h ("68) in font nullfont!
Missing character: There is no i ("69) in font nullfont!
Missing character: There is no s ("73) in font nullfont!
Missing character: There is no " ("22) in font nullfont!
Missing character: There is no S ("53) in font nullfont!
Missing character: There is no e ("65) in font nullfont!
Missing character: There is no e ("65) in font nullfont!
Missing character: There is no A ("41) in font nullfont!
Missing character: There is no p ("70) in font nullfont!
Missing character: There is no p ("70) in font nullfont!
Missing character: There is no e ("65) in font nullfont!
Missing character: There is no n ("6E) in font nullfont!
Missing character: There is no d ("64) in font nullfont!
Missing character: There is no i ("69) in font nullfont!
Missing character: There is no x ("78) in font nullfont!
! Undefined control sequence.
<write> ...g: Reference `matlab' on page \thepage 
                                                  \space undefined\on@line .^^J
l.35 ...mple, like this "See Appendix \ref{matlab}
                                                   for details".
The control sequence at the end of the top line
of your error message was never \def'ed. If you have
misspelled it (e.g., `\hobx'), type `I' and the correct
spelling (e.g., `I\hbox'). Otherwise just continue,
and I'll forget about whatever was undefined.


LaTeX Warning: Reference `matlab' on page  undefined on input line 35.

Missing character: There is no f ("66) in font nullfont!
Missing character: There is no o ("6F) in font nullfont!
Missing character: There is no r ("72) in font nullfont!
Missing character: There is no d ("64) in font nullfont!
Missing character: There is no e ("65) in font nullfont!
Missing character: There is no t ("74) in font nullfont!
Missing character: There is no a ("61) in font nullfont!
Missing character: There is no i ("69) in font nullfont!
Missing character: There is no l ("6C) in font nullfont!
Missing character: There is no s ("73) in font nullfont!
Missing character: There is no " ("22) in font nullfont!
Missing character: There is no . ("2E) in font nullfont!

Overfull \hbox (20.0pt too wide) in paragraph at lines 35--36
[]
 []


Overfull \hbox (5.43pt too wide) in paragraph at lines 35--36
[]
 []


Overfull \hbox (10.86pt too wide) in paragraph at lines 35--36
[]
 []

Missing character: There is no K ("4B) in font nullfont!
Missing character: There is no e ("65) in font nullfont!
Missing character: There is no y ("79) in font nullfont!
Missing character: There is no 1 ("31) in font nullfont!
Missing character: There is no K ("4B) in font nullfont!
Missing character: There is no e ("65) in font nullfont!
Missing character: There is no y ("79) in font nullfont!
Missing character: There is no 2 ("32) in font nullfont!
Missing character: There is no K ("4B) in font nullfont!
Missing character: There is no e ("65) in font nullfont!
Missing character: There is no y ("79) in font nullfont!
Missing character: There is no 3 ("33) in font nullfont!
Missing character: There is no K ("4B) in font nullfont!
Missing character: There is no e ("65) in font nullfont!
Missing character: There is no y ("79) in font nullfont!
Missing character: There is no 4 ("34) in font nullfont!
)
! Emergency stop.
<*> abstract.tex
                
*** (job aborted, no legal \end found)

 
Here is how much of TeX's memory you used:
 28 strings out of 476919
 533 string characters out of 5825423
 293906 words of memory out of 5000000
 20127 multiletter control sequences out of 15000+600000
 403446 words of font info for 29 fonts, out of 8000000 for 9000
 1348 hyphenation exceptions out of 8191
 21i,4n,20p,211b,96s stack positions out of 5000i,500n,10000p,200000b,80000s
Output written on abstract.pdf (1 page).
